[2022-09-11 22:25:46.158] [info] Server v1.3.0 started on port 10578
[2022-09-11 22:25:46.158] [warning] bAnnounceServer is set to false. The server will not show up as a public server. If you are just playing with friends, this is probably what you want.
[2022-09-11 22:25:46.159] [warning] Failed to open loadorder.txt
[2022-09-11 22:25:54.825] [info] Server shutdown requested
[2022-09-11 22:25:58.499] [info] Server v1.3.0 started on port 10578
[2022-09-11 22:25:58.500] [warning] bAnnounceServer is set to false. The server will not show up as a public server. If you are just playing with friends, this is probably what you want.
[2022-09-11 22:25:58.501] [warning] Failed to open loadorder.txt
[2022-09-11 22:26:01.370] [info] Server shutdown requested
[2022-09-11 22:26:23.461] [info] Server v1.3.0 started on port 10578
[2022-09-11 22:26:23.462] [warning] bAnnounceServer is set to false. The server will not show up as a public server. If you are just playing with friends, this is probably what you want.
[2022-09-11 22:26:23.462] [warning] Failed to open loadorder.txt
[2022-09-11 22:28:14.311] [info] Server shutdown requested
[2022-09-11 22:28:18.781] [info] Server v1.3.0 started on port 10578
[2022-09-11 22:28:18.782] [warning] bAnnounceServer is set to false. The server will not show up as a public server. If you are just playing with friends, this is probably what you want.
[2022-09-11 22:28:18.784] [warning] Failed to open loadorder.txt
[2022-09-11 22:28:32.304] [info] Server shutdown requested
[2022-09-11 22:28:45.241] [info] Server v1.3.0 started on port 10578
[2022-09-11 22:28:45.242] [warning] Your server will not show up on the server list because this server has a password.
[2022-09-11 22:28:45.242] [warning] Failed to open loadorder.txt
[2022-09-11 22:28:54.913] [info] Server shutdown requested
[2022-09-11 22:29:16.049] [info] Server v1.3.0 started on port 10578
[2022-09-11 22:29:16.050] [warning] bAnnounceServer is set to false. The server will not show up as a public server. If you are just playing with friends, this is probably what you want.
[2022-09-11 22:29:16.051] [warning] Failed to open loadorder.txt
[2022-09-11 22:29:44.942] [info] Server shutdown requested
[2022-09-11 22:29:58.448] [info] Server v1.3.0 started on port 10578
[2022-09-11 22:29:58.448] [warning] Your server will not show up on the server list because this server has a password.
[2022-09-11 22:29:58.450] [warning] Failed to open loadorder.txt
[2022-09-11 22:30:07.159] [info] Server shutdown requested
[2022-09-11 22:30:17.251] [info] Server v1.3.0 started on port 10578
[2022-09-11 22:30:17.253] [warning] Failed to open loadorder.txt
[2022-09-11 22:30:22.858] [info] Server shutdown requested
[2022-09-11 22:31:00.349] [info] Server v1.3.0 started on port 10578
[2022-09-11 22:31:00.350] [warning] bAnnounceServer is set to false. The server will not show up as a public server. If you are just playing with friends, this is probably what you want.
[2022-09-11 22:31:00.351] [warning] Failed to open loadorder.txt
[2022-09-11 22:31:07.939] [info] Server shutdown requested
